<?xml version="1.0" encoding="utf-8"?><testsuites name="pytest tests"><testsuite name="pytest" errors="0" failures="0" skipped="0" tests="71" time="1.258" timestamp="2026-08-14T17:08:41.009121+09:00" hostname="DESKTOP-OL79SGB"><testcase classname="test_outlook" name="test_filter_none_when_no_conditions" time="0.001" /><testcase classname="test_outlook" name="test_filter_combines_conditions" time="0.003" /><testcase classname="test_outlook" name="test_filter_until_is_inclusive" time="0.001" /><testcase classname="test_outlook" name="test_bad_date_is_rejected" time="0.001" /><testcase classname="test_outlook" name="test_kql_merges_everything" time="0.001" /><testcase classname="test_outlook" name="test_kql_strips_inner_quotes" time="0.000" /><testcase classname="test_outlook" name="test_kql_from_only" time="0.000" /><testcase classname="test_outlook" name="test_html_to_text_drops_markup_and_script" time="0.001" /><testcase classname="test_outlook" name="test_html_to_text_decodes_entities" time="0.000" /><testcase classname="test_outlook" name="test_truncate_marks_omission" time="0.000" /><testcase classname="test_outlook" name="test_resolve_by_exact_name" time="0.000" /><testcase classname="test_outlook" name="test_resolve_by_full_path_disambiguates" time="0.000" /><testcase classname="test_outlook" name="test_resolve_ambiguous_name_raises_with_paths" time="0.001" /><testcase classname="test_outlook" name="test_resolve_well_known_when_not_in_list" time="0.000" /><testcase classname="test_outlook" name="test_resolve_unknown_raises" time="0.001" /><testcase classname="test_outlook" name="test_handles_are_stable_and_not_reused" time="0.000" /><testcase classname="test_outlook" name="test_unknown_handle_raises" time="0.001" /><testcase classname="test_outlook" name="test_raw_id_passes_through" time="0.000" /><testcase classname="test_outlook" name="test_parse_refs_accepts_separators" time="0.001" /><testcase classname="test_outlook" name="test_parse_refs_rejects_empty_and_oversized" time="0.001" /><testcase classname="test_outlook" name="test_format_line_marks_unread_and_attachment" time="0.001" /><testcase classname="test_outlook" name="test_format_line_includes_preview_when_asked" time="0.000" /><testcase classname="test_outlook" name="test_format_line_handles_missing_fields" time="0.000" /><testcase classname="test_outlook" name="test_readonly_mode_blocks_writes" time="0.001" /><testcase classname="test_outlook" name="test_writes_allowed_by_default" time="0.001" /><testcase classname="test_outlook" name="test_search_with_query_uses_search_not_filter" time="0.001" /><testcase classname="test_outlook" name="test_search_without_query_uses_filter_and_orderby" time="0.001" /><testcase classname="test_outlook" name="test_search_scopes_to_folder" time="0.001" /><testcase classname="test_outlook" name="test_search_applies_unread_filter_clientside_when_searching" time="0.001" /><testcase classname="test_outlook" name="test_search_caps_limit" time="0.001" /><testcase classname="test_outlook" name="test_move_messages_posts_move_and_counts" time="0.001" /><testcase classname="test_outlook" name="test_move_to_trash_uses_wellknown_folder" time="0.001" /><testcase classname="test_outlook" name="test_partial_failure_is_reported_not_raised" time="0.001" /><testcase classname="test_outlook" name="test_write_tools_return_error_string_in_readonly" time="0.001" /><testcase classname="test_outlook" name="test_system_folder_is_protected" time="0.001" /><testcase classname="test_outlook" name="test_rename_folder_patches_display_name" time="0.001" /><testcase classname="test_outlook" name="test_rename_folder_rejects_path_separator" time="0.001" /><testcase classname="test_outlook" name="test_rename_folder_refuses_system_folder" time="0.001" /><testcase classname="test_outlook" name="test_move_folder_to_root_uses_msgfolderroot" time="0.001" /><testcase classname="test_outlook" name="test_move_folder_rejects_moving_into_own_descendant" time="0.001" /><testcase classname="test_outlook" name="test_move_folder_rejects_moving_into_itself" time="0.001" /><testcase classname="test_outlook" name="test_delete_folder_refuses_nonempty_without_force" time="0.001" /><testcase classname="test_outlook" name="test_delete_folder_with_force_calls_delete" time="0.001" /><testcase classname="test_outlook" name="test_delete_empty_folder_needs_no_force" time="0.001" /><testcase classname="test_outlook" name="test_batch_move_splits_into_chunks_of_20" time="0.001" /><testcase classname="test_outlook" name="test_batch_move_counts_per_item_status" time="0.001" /><testcase classname="test_outlook" name="test_collect_filters_by_sender_substring" time="0.001" /><testcase classname="test_outlook" name="test_collect_respects_cap" time="0.001" /><testcase classname="test_outlook" name="test_move_by_search_requires_a_condition" time="0.001" /><testcase classname="test_outlook" name="test_move_by_search_dry_run_moves_nothing" time="0.001" /><testcase classname="test_outlook" name="test_move_by_search_executes_when_not_dry_run" time="0.001" /><testcase classname="test_outlook" name="test_batch_mark_read_patches_is_read" time="0.001" /><testcase classname="test_outlook" name="test_mark_read_by_search_filters_to_unread_only" time="0.001" /><testcase classname="test_outlook" name="test_mark_read_by_search_unmark_targets_read_mail" time="0.001" /><testcase classname="test_outlook" name="test_mark_read_by_search_dry_run_changes_nothing" time="0.001" /><testcase classname="test_outlook" name="test_mark_read_by_search_executes_when_not_dry_run" time="0.001" /><testcase classname="test_outlook" name="test_mark_read_by_search_allows_whole_mailbox" time="0.001" /><testcase classname="test_outlook" name="test_move_by_search_rejects_same_source_and_dest" time="0.001" /><testcase classname="test_outlook" name="test_create_rule_builds_conditions_and_actions" time="0.001" /><testcase classname="test_outlook" name="test_create_rule_resolves_destination_folder" time="0.001" /><testcase classname="test_outlook" name="test_create_rule_requires_condition_and_action" time="0.001" /><testcase classname="test_outlook" name="test_create_rule_rejects_move_and_trash_together" time="0.001" /><testcase classname="test_outlook" name="test_list_rules_renders_conditions" time="0.001" /><testcase classname="test_outlook" name="test_describe_conditions_reads_address_form" time="0.000" /><testcase classname="test_outlook" name="test_describe_conditions_surfaces_unknown_keys" time="0.001" /><testcase classname="test_outlook" name="test_describe_conditions_marks_truly_empty_as_catch_all" time="0.000" /><testcase classname="test_outlook" name="test_describe_actions_flags_missing_folder" time="0.000" /><testcase classname="test_outlook" name="test_describe_actions_renders_forwarding" time="0.001" /><testcase classname="test_outlook" name="test_delete_rule_matches_by_name" time="0.001" /><testcase classname="test_outlook" name="test_delete_rule_unknown_name_lists_existing" time="0.001" /><testcase classname="test_outlook" name="test_get_message_renders_html_body" time="0.001" /></testsuite></testsuites>