<?xml version="1.0" encoding="utf-8"?><testsuites name="pytest tests"><testsuite name="pytest" errors="0" failures="0" skipped="0" tests="35" time="1.246" timestamp="2026-08-14T11:52:39.170727+09:00" hostname="DESKTOP-OL79SGB"><testcase classname="test_outlook" name="test_filter_none_when_no_conditions" time="0.001" /><testcase classname="test_outlook" name="test_filter_combines_conditions" time="0.003" /><testcase classname="test_outlook" name="test_filter_until_is_inclusive" time="0.001" /><testcase classname="test_outlook" name="test_bad_date_is_rejected" time="0.001" /><testcase classname="test_outlook" name="test_kql_merges_everything" time="0.001" /><testcase classname="test_outlook" name="test_kql_strips_inner_quotes" time="0.001" /><testcase classname="test_outlook" name="test_kql_from_only" time="0.001" /><testcase classname="test_outlook" name="test_html_to_text_drops_markup_and_script" time="0.001" /><testcase classname="test_outlook" name="test_html_to_text_decodes_entities" time="0.001" /><testcase classname="test_outlook" name="test_truncate_marks_omission" time="0.000" /><testcase classname="test_outlook" name="test_resolve_by_exact_name" time="0.000" /><testcase classname="test_outlook" name="test_resolve_by_full_path_disambiguates" time="0.001" /><testcase classname="test_outlook" name="test_resolve_ambiguous_name_raises_with_paths" time="0.001" /><testcase classname="test_outlook" name="test_resolve_well_known_when_not_in_list" time="0.000" /><testcase classname="test_outlook" name="test_resolve_unknown_raises" time="0.001" /><testcase classname="test_outlook" name="test_handles_are_stable_and_not_reused" time="0.000" /><testcase classname="test_outlook" name="test_unknown_handle_raises" time="0.001" /><testcase classname="test_outlook" name="test_raw_id_passes_through" time="0.001" /><testcase classname="test_outlook" name="test_parse_refs_accepts_separators" time="0.001" /><testcase classname="test_outlook" name="test_parse_refs_rejects_empty_and_oversized" time="0.001" /><testcase classname="test_outlook" name="test_format_line_marks_unread_and_attachment" time="0.001" /><testcase classname="test_outlook" name="test_format_line_includes_preview_when_asked" time="0.000" /><testcase classname="test_outlook" name="test_format_line_handles_missing_fields" time="0.000" /><testcase classname="test_outlook" name="test_readonly_mode_blocks_writes" time="0.001" /><testcase classname="test_outlook" name="test_writes_allowed_by_default" time="0.001" /><testcase classname="test_outlook" name="test_search_with_query_uses_search_not_filter" time="0.001" /><testcase classname="test_outlook" name="test_search_without_query_uses_filter_and_orderby" time="0.001" /><testcase classname="test_outlook" name="test_search_scopes_to_folder" time="0.001" /><testcase classname="test_outlook" name="test_search_applies_unread_filter_clientside_when_searching" time="0.001" /><testcase classname="test_outlook" name="test_search_caps_limit" time="0.001" /><testcase classname="test_outlook" name="test_move_messages_posts_move_and_counts" time="0.001" /><testcase classname="test_outlook" name="test_move_to_trash_uses_wellknown_folder" time="0.001" /><testcase classname="test_outlook" name="test_partial_failure_is_reported_not_raised" time="0.001" /><testcase classname="test_outlook" name="test_write_tools_return_error_string_in_readonly" time="0.001" /><testcase classname="test_outlook" name="test_get_message_renders_html_body" time="0.001" /></testsuite></testsuites>