============================= test session starts =============================
platform win32 -- Python 3.13.1, pytest-9.1.1, pluggy-1.6.0 -- I:\ClaudeCodeProjects\outlook-mcp\.venv\Scripts\python.exe
cachedir: .pytest_cache
rootdir: I:\ClaudeCodeProjects\outlook-mcp
configfile: pytest.ini
testpaths: test_outlook.py
plugins: anyio-4.14.2
collecting ... collected 78 items

test_outlook.py::test_filter_none_when_no_conditions PASSED              [  1%]
test_outlook.py::test_filter_combines_conditions PASSED                  [  2%]
test_outlook.py::test_filter_until_is_inclusive PASSED                   [  3%]
test_outlook.py::test_bad_date_is_rejected PASSED                        [  5%]
test_outlook.py::test_kql_merges_everything PASSED                       [  6%]
test_outlook.py::test_kql_strips_inner_quotes PASSED                     [  7%]
test_outlook.py::test_kql_from_only PASSED                               [  8%]
test_outlook.py::test_html_to_text_drops_markup_and_script PASSED        [ 10%]
test_outlook.py::test_html_to_text_decodes_entities PASSED               [ 11%]
test_outlook.py::test_truncate_marks_omission PASSED                     [ 12%]
test_outlook.py::test_resolve_by_exact_name PASSED                       [ 14%]
test_outlook.py::test_resolve_by_full_path_disambiguates PASSED          [ 15%]
test_outlook.py::test_resolve_ambiguous_name_raises_with_paths PASSED    [ 16%]
test_outlook.py::test_resolve_well_known_when_not_in_list PASSED         [ 17%]
test_outlook.py::test_resolve_unknown_raises PASSED                      [ 19%]
test_outlook.py::test_handles_are_stable_and_not_reused PASSED           [ 20%]
test_outlook.py::test_unknown_handle_raises PASSED                       [ 21%]
test_outlook.py::test_raw_id_passes_through PASSED                       [ 23%]
test_outlook.py::test_parse_refs_accepts_separators PASSED               [ 24%]
test_outlook.py::test_parse_refs_rejects_empty_and_oversized PASSED      [ 25%]
test_outlook.py::test_format_line_marks_unread_and_attachment PASSED     [ 26%]
test_outlook.py::test_format_line_includes_preview_when_asked PASSED     [ 28%]
test_outlook.py::test_format_line_handles_missing_fields PASSED          [ 29%]
test_outlook.py::test_readonly_mode_blocks_writes PASSED                 [ 30%]
test_outlook.py::test_writes_allowed_by_default PASSED                   [ 32%]
test_outlook.py::test_search_with_query_uses_search_not_filter PASSED    [ 33%]
test_outlook.py::test_search_without_query_uses_filter_and_orderby PASSED [ 34%]
test_outlook.py::test_search_scopes_to_folder PASSED                     [ 35%]
test_outlook.py::test_search_applies_unread_filter_clientside_when_searching PASSED [ 37%]
test_outlook.py::test_search_caps_limit PASSED                           [ 38%]
test_outlook.py::test_move_messages_posts_move_and_counts PASSED         [ 39%]
test_outlook.py::test_move_to_trash_uses_wellknown_folder PASSED         [ 41%]
test_outlook.py::test_partial_failure_is_reported_not_raised PASSED      [ 42%]
test_outlook.py::test_write_tools_return_error_string_in_readonly PASSED [ 43%]
test_outlook.py::test_send_scope_is_never_requested PASSED               [ 44%]
test_outlook.py::test_create_draft_posts_to_messages_not_send PASSED     [ 46%]
test_outlook.py::test_create_draft_includes_cc_when_given PASSED         [ 47%]
test_outlook.py::test_create_draft_rejects_empty_recipient_and_subject PASSED [ 48%]
test_outlook.py::test_draft_reply_uses_create_reply_endpoint PASSED      [ 50%]
test_outlook.py::test_draft_reply_all_uses_reply_all_endpoint PASSED     [ 51%]
test_outlook.py::test_draft_tools_blocked_in_readonly PASSED             [ 52%]
test_outlook.py::test_system_folder_is_protected PASSED                  [ 53%]
test_outlook.py::test_rename_folder_patches_display_name PASSED          [ 55%]
test_outlook.py::test_rename_folder_rejects_path_separator PASSED        [ 56%]
test_outlook.py::test_rename_folder_refuses_system_folder PASSED         [ 57%]
test_outlook.py::test_move_folder_to_root_uses_msgfolderroot PASSED      [ 58%]
test_outlook.py::test_move_folder_rejects_moving_into_own_descendant PASSED [ 60%]
test_outlook.py::test_move_folder_rejects_moving_into_itself PASSED      [ 61%]
test_outlook.py::test_delete_folder_refuses_nonempty_without_force PASSED [ 62%]
test_outlook.py::test_delete_folder_with_force_calls_delete PASSED       [ 64%]
test_outlook.py::test_delete_empty_folder_needs_no_force PASSED          [ 65%]
test_outlook.py::test_batch_move_splits_into_chunks_of_20 PASSED         [ 66%]
test_outlook.py::test_batch_move_counts_per_item_status PASSED           [ 67%]
test_outlook.py::test_collect_filters_by_sender_substring PASSED         [ 69%]
test_outlook.py::test_collect_respects_cap PASSED                        [ 70%]
test_outlook.py::test_move_by_search_requires_a_condition PASSED         [ 71%]
test_outlook.py::test_move_by_search_dry_run_moves_nothing PASSED        [ 73%]
test_outlook.py::test_move_by_search_executes_when_not_dry_run PASSED    [ 74%]
test_outlook.py::test_batch_mark_read_patches_is_read PASSED             [ 75%]
test_outlook.py::test_mark_read_by_search_filters_to_unread_only PASSED  [ 76%]
test_outlook.py::test_mark_read_by_search_unmark_targets_read_mail PASSED [ 78%]
test_outlook.py::test_mark_read_by_search_dry_run_changes_nothing PASSED [ 79%]
test_outlook.py::test_mark_read_by_search_executes_when_not_dry_run PASSED [ 80%]
test_outlook.py::test_mark_read_by_search_allows_whole_mailbox PASSED    [ 82%]
test_outlook.py::test_move_by_search_rejects_same_source_and_dest PASSED [ 83%]
test_outlook.py::test_create_rule_builds_conditions_and_actions PASSED   [ 84%]
test_outlook.py::test_create_rule_resolves_destination_folder PASSED     [ 85%]
test_outlook.py::test_create_rule_requires_condition_and_action PASSED   [ 87%]
test_outlook.py::test_create_rule_rejects_move_and_trash_together PASSED [ 88%]
test_outlook.py::test_list_rules_renders_conditions PASSED               [ 89%]
test_outlook.py::test_describe_conditions_reads_address_form PASSED      [ 91%]
test_outlook.py::test_describe_conditions_surfaces_unknown_keys PASSED   [ 92%]
test_outlook.py::test_describe_conditions_marks_truly_empty_as_catch_all PASSED [ 93%]
test_outlook.py::test_describe_actions_flags_missing_folder PASSED       [ 94%]
test_outlook.py::test_describe_actions_renders_forwarding PASSED         [ 96%]
test_outlook.py::test_delete_rule_matches_by_name PASSED                 [ 97%]
test_outlook.py::test_delete_rule_unknown_name_lists_existing PASSED     [ 98%]
test_outlook.py::test_get_message_renders_html_body PASSED               [100%]

- generated xml file: I:\ClaudeCodeProjects\outlook-mcp\docs\evidence\junit.xml -
============================= 78 passed in 1.17s ==============================
