============================= test session starts =============================
platform win32 -- Python 3.13.1, pytest-9.1.1, pluggy-1.6.0 -- I:\ClaudeCodeProjects\outlook-mcp\.venv\Scripts\python.exe
cachedir: .pytest_cache
rootdir: I:\ClaudeCodeProjects\outlook-mcp
configfile: pytest.ini
testpaths: test_outlook.py
plugins: anyio-4.14.2
collecting ... collected 71 items

test_outlook.py::test_filter_none_when_no_conditions PASSED              [  1%]
test_outlook.py::test_filter_combines_conditions PASSED                  [  2%]
test_outlook.py::test_filter_until_is_inclusive PASSED                   [  4%]
test_outlook.py::test_bad_date_is_rejected PASSED                        [  5%]
test_outlook.py::test_kql_merges_everything PASSED                       [  7%]
test_outlook.py::test_kql_strips_inner_quotes PASSED                     [  8%]
test_outlook.py::test_kql_from_only PASSED                               [  9%]
test_outlook.py::test_html_to_text_drops_markup_and_script PASSED        [ 11%]
test_outlook.py::test_html_to_text_decodes_entities PASSED               [ 12%]
test_outlook.py::test_truncate_marks_omission PASSED                     [ 14%]
test_outlook.py::test_resolve_by_exact_name PASSED                       [ 15%]
test_outlook.py::test_resolve_by_full_path_disambiguates PASSED          [ 16%]
test_outlook.py::test_resolve_ambiguous_name_raises_with_paths PASSED    [ 18%]
test_outlook.py::test_resolve_well_known_when_not_in_list PASSED         [ 19%]
test_outlook.py::test_resolve_unknown_raises PASSED                      [ 21%]
test_outlook.py::test_handles_are_stable_and_not_reused PASSED           [ 22%]
test_outlook.py::test_unknown_handle_raises PASSED                       [ 23%]
test_outlook.py::test_raw_id_passes_through PASSED                       [ 25%]
test_outlook.py::test_parse_refs_accepts_separators PASSED               [ 26%]
test_outlook.py::test_parse_refs_rejects_empty_and_oversized PASSED      [ 28%]
test_outlook.py::test_format_line_marks_unread_and_attachment PASSED     [ 29%]
test_outlook.py::test_format_line_includes_preview_when_asked PASSED     [ 30%]
test_outlook.py::test_format_line_handles_missing_fields PASSED          [ 32%]
test_outlook.py::test_readonly_mode_blocks_writes PASSED                 [ 33%]
test_outlook.py::test_writes_allowed_by_default PASSED                   [ 35%]
test_outlook.py::test_search_with_query_uses_search_not_filter PASSED    [ 36%]
test_outlook.py::test_search_without_query_uses_filter_and_orderby PASSED [ 38%]
test_outlook.py::test_search_scopes_to_folder PASSED                     [ 39%]
test_outlook.py::test_search_applies_unread_filter_clientside_when_searching PASSED [ 40%]
test_outlook.py::test_search_caps_limit PASSED                           [ 42%]
test_outlook.py::test_move_messages_posts_move_and_counts PASSED         [ 43%]
test_outlook.py::test_move_to_trash_uses_wellknown_folder PASSED         [ 45%]
test_outlook.py::test_partial_failure_is_reported_not_raised PASSED      [ 46%]
test_outlook.py::test_write_tools_return_error_string_in_readonly PASSED [ 47%]
test_outlook.py::test_system_folder_is_protected PASSED                  [ 49%]
test_outlook.py::test_rename_folder_patches_display_name PASSED          [ 50%]
test_outlook.py::test_rename_folder_rejects_path_separator PASSED        [ 52%]
test_outlook.py::test_rename_folder_refuses_system_folder PASSED         [ 53%]
test_outlook.py::test_move_folder_to_root_uses_msgfolderroot PASSED      [ 54%]
test_outlook.py::test_move_folder_rejects_moving_into_own_descendant PASSED [ 56%]
test_outlook.py::test_move_folder_rejects_moving_into_itself PASSED      [ 57%]
test_outlook.py::test_delete_folder_refuses_nonempty_without_force PASSED [ 59%]
test_outlook.py::test_delete_folder_with_force_calls_delete PASSED       [ 60%]
test_outlook.py::test_delete_empty_folder_needs_no_force PASSED          [ 61%]
test_outlook.py::test_batch_move_splits_into_chunks_of_20 PASSED         [ 63%]
test_outlook.py::test_batch_move_counts_per_item_status PASSED           [ 64%]
test_outlook.py::test_collect_filters_by_sender_substring PASSED         [ 66%]
test_outlook.py::test_collect_respects_cap PASSED                        [ 67%]
test_outlook.py::test_move_by_search_requires_a_condition PASSED         [ 69%]
test_outlook.py::test_move_by_search_dry_run_moves_nothing PASSED        [ 70%]
test_outlook.py::test_move_by_search_executes_when_not_dry_run PASSED    [ 71%]
test_outlook.py::test_batch_mark_read_patches_is_read PASSED             [ 73%]
test_outlook.py::test_mark_read_by_search_filters_to_unread_only PASSED  [ 74%]
test_outlook.py::test_mark_read_by_search_unmark_targets_read_mail PASSED [ 76%]
test_outlook.py::test_mark_read_by_search_dry_run_changes_nothing PASSED [ 77%]
test_outlook.py::test_mark_read_by_search_executes_when_not_dry_run PASSED [ 78%]
test_outlook.py::test_mark_read_by_search_allows_whole_mailbox PASSED    [ 80%]
test_outlook.py::test_move_by_search_rejects_same_source_and_dest PASSED [ 81%]
test_outlook.py::test_create_rule_builds_conditions_and_actions PASSED   [ 83%]
test_outlook.py::test_create_rule_resolves_destination_folder PASSED     [ 84%]
test_outlook.py::test_create_rule_requires_condition_and_action PASSED   [ 85%]
test_outlook.py::test_create_rule_rejects_move_and_trash_together PASSED [ 87%]
test_outlook.py::test_list_rules_renders_conditions PASSED               [ 88%]
test_outlook.py::test_describe_conditions_reads_address_form PASSED      [ 90%]
test_outlook.py::test_describe_conditions_surfaces_unknown_keys PASSED   [ 91%]
test_outlook.py::test_describe_conditions_marks_truly_empty_as_catch_all PASSED [ 92%]
test_outlook.py::test_describe_actions_flags_missing_folder PASSED       [ 94%]
test_outlook.py::test_describe_actions_renders_forwarding PASSED         [ 95%]
test_outlook.py::test_delete_rule_matches_by_name PASSED                 [ 97%]
test_outlook.py::test_delete_rule_unknown_name_lists_existing PASSED     [ 98%]
test_outlook.py::test_get_message_renders_html_body PASSED               [100%]

============================= 71 passed in 1.14s ==============================
